2025-06-19 12:49:20.647 INFO  (main) [   ] o.e.j.u.log Logging initialized @3469ms to org.eclipse.jetty.util.log.Slf4jLog
2025-06-19 12:49:20.841 INFO  (main) [   ] o.e.j.s.Server jetty-9.4.53.v20231009; built: 2023-10-09T12:29:09.265Z; git: 27bde00a0b95a1d5bbee0eae7984f891d2d0f8c9; jvm 11.0.27+6
2025-06-19 12:49:20.853 INFO  (main) [   ] o.e.j.d.p.ScanningAppProvider Deployment monitor [file:///opt/solr-8.11.4/server/contexts/] at interval 0
2025-06-19 12:49:21.101 INFO  (main) [   ] o.e.j.w.StandardDescriptorProcessor NO JSP Support for /solr, did not find org.apache.jasper.servlet.JspServlet
2025-06-19 12:49:21.107 INFO  (main) [   ] o.e.j.s.session DefaultSessionIdManager workerName=node0
2025-06-19 12:49:21.108 INFO  (main) [   ] o.e.j.s.session No SessionScavenger set, using defaults
2025-06-19 12:49:21.109 INFO  (main) [   ] o.e.j.s.session node0 Scavenging every 660000ms
2025-06-19 12:49:21.146 INFO  (main) [   ] o.a.s.s.SolrDispatchFilter Using logger factory org.apache.logging.slf4j.Log4jLoggerFactory
2025-06-19 12:49:21.148 INFO  (main) [   ] o.a.s.s.SolrDispatchFilter  ___      _       Welcome to Apache Solr™ version 8.11.4
2025-06-19 12:49:21.149 INFO  (main) [   ] o.a.s.s.SolrDispatchFilter / __| ___| |_ _   Starting in standalone mode on port 8983
2025-06-19 12:49:21.149 INFO  (main) [   ] o.a.s.s.SolrDispatchFilter \__ \/ _ \ | '_|  Install dir: /opt/solr
2025-06-19 12:49:21.149 INFO  (main) [   ] o.a.s.s.SolrDispatchFilter |___/\___/_|_|    Start time: 2025-06-19T12:49:21.149198Z
2025-06-19 12:49:21.160 INFO  (main) [   ] o.a.s.c.SolrPaths Using system property solr.solr.home: /var/solr/data
2025-06-19 12:49:21.160 INFO  (main) [   ] o.a.s.c.SolrXmlConfig Loading container configuration from /var/solr/data/solr.xml
2025-06-19 12:49:21.235 INFO  (main) [   ] o.a.s.c.SolrXmlConfig MBean server found: com.sun.jmx.mbeanserver.JmxMBeanServer@4bdeaabb, but no JMX reporters were configured - adding default JMX reporter.
2025-06-19 12:49:21.634 INFO  (main) [   ] o.a.s.h.c.HttpShardHandlerFactory Host whitelist initialized: WhitelistHostChecker [whitelistHosts=null, whitelistHostCheckingEnabled=true]
2025-06-19 12:49:21.799 WARN  (main) [   ] o.e.j.u.s.S.config Trusting all certificates configured for Client@52d6cd34[provider=null,keyStore=null,trustStore=null]
2025-06-19 12:49:21.799 WARN  (main) [   ] o.e.j.u.s.S.config No Client EndPointIdentificationAlgorithm configured for Client@52d6cd34[provider=null,keyStore=null,trustStore=null]
2025-06-19 12:49:22.010 WARN  (main) [   ] o.e.j.u.s.S.config Trusting all certificates configured for Client@26844abb[provider=null,keyStore=null,trustStore=null]
2025-06-19 12:49:22.010 WARN  (main) [   ] o.e.j.u.s.S.config No Client EndPointIdentificationAlgorithm configured for Client@26844abb[provider=null,keyStore=null,trustStore=null]
2025-06-19 12:49:22.216 WARN  (main) [   ] o.a.s.c.CoreContainer Not all security plugins configured!  authentication=disabled authorization=disabled.  Solr is only as secure as you make it. Consider configuring authentication/authorization before exposing Solr to users internal or external.  See https://s.apache.org/solrsecurity for more info
2025-06-19 12:49:22.350 INFO  (main) [   ] o.a.s.c.TransientSolrCoreCacheDefault Allocating transient core cache for max 2147483647 cores with initial capacity of 1024
2025-06-19 12:49:22.367 INFO  (main) [   ] o.a.s.h.a.MetricsHistoryHandler No .system collection, keeping metrics history in memory.
2025-06-19 12:49:22.436 INFO  (main) [   ] o.a.s.m.r.SolrJmxReporter JMX monitoring for 'solr.node' (registry 'solr.node') enabled at server: com.sun.jmx.mbeanserver.JmxMBeanServer@4bdeaabb
2025-06-19 12:49:22.437 INFO  (main) [   ] o.a.s.m.r.SolrJmxReporter JMX monitoring for 'solr.jvm' (registry 'solr.jvm') enabled at server: com.sun.jmx.mbeanserver.JmxMBeanServer@4bdeaabb
2025-06-19 12:49:22.438 INFO  (main) [   ] o.a.s.m.r.SolrJmxReporter JMX monitoring for 'solr.jetty' (registry 'solr.jetty') enabled at server: com.sun.jmx.mbeanserver.JmxMBeanServer@4bdeaabb
2025-06-19 12:49:22.476 INFO  (main) [   ] o.a.s.c.CorePropertiesLocator Found 1 core definitions underneath /var/solr/data
2025-06-19 12:49:22.477 INFO  (main) [   ] o.a.s.c.CorePropertiesLocator Cores are: [rails_core]
2025-06-19 12:49:22.512 INFO  (coreLoadExecutor-13-thread-1) [   x:rails_core] o.a.s.c.SolrConfig Using Lucene MatchVersion: 8.11.4
2025-06-19 12:49:22.539 INFO  (main) [   ] o.e.j.s.h.ContextHandler Started o.e.j.w.WebAppContext@1255b1d1{/solr,file:///opt/solr-8.11.4/server/solr-webapp/webapp/,AVAILABLE}{/opt/solr-8.11.4/server/solr-webapp/webapp}
2025-06-19 12:49:22.550 WARN  (coreLoadExecutor-13-thread-1) [   x:rails_core] o.a.s.c.SolrConfig solrconfig.xml: <jmx> is no longer supported, use solr.xml:/metrics/reporter section instead
2025-06-19 12:49:22.557 INFO  (main) [   ] o.e.j.s.AbstractConnector Started ServerConnector@5dd91bca{HTTP/1.1, (http/1.1, h2c)}{0.0.0.0:8983}
2025-06-19 12:49:22.558 INFO  (main) [   ] o.e.j.s.Server Started @5383ms
2025-06-19 12:49:22.580 INFO  (coreLoadExecutor-13-thread-1) [   x:rails_core] o.a.s.s.IndexSchema Schema name=default-config
2025-06-19 12:49:22.811 WARN  (coreLoadExecutor-13-thread-1) [   x:rails_core] o.a.s.s.AbstractSpatialPrefixTreeFieldType FieldType SpatialRecursivePrefixTreeFieldType does not allow omitNorms to be specified in schema, hardcoded behavior is omitNorms=true
2025-06-19 12:49:22.811 WARN  (coreLoadExecutor-13-thread-1) [   x:rails_core] o.a.s.s.AbstractSpatialPrefixTreeFieldType FieldType SpatialRecursivePrefixTreeFieldType does not allow omitTermFreqAndPositions to be specified in schema, hardcoded behavior is omitTermFreqAndPositions=true
2025-06-19 12:49:22.811 WARN  (coreLoadExecutor-13-thread-1) [   x:rails_core] o.a.s.s.AbstractSpatialPrefixTreeFieldType FieldType SpatialRecursivePrefixTreeFieldType does not allow termOffsets to be specified in schema, hardcoded behavior is termOffsets=false
2025-06-19 12:49:22.811 WARN  (coreLoadExecutor-13-thread-1) [   x:rails_core] o.a.s.s.AbstractSpatialPrefixTreeFieldType FieldType SpatialRecursivePrefixTreeFieldType does not allow termPositions to be specified in schema, hardcoded behavior is termPositions=false
2025-06-19 12:49:22.811 WARN  (coreLoadExecutor-13-thread-1) [   x:rails_core] o.a.s.s.AbstractSpatialPrefixTreeFieldType FieldType SpatialRecursivePrefixTreeFieldType does not allow omitPositions to be specified in schema, hardcoded behavior is omitPositions=true
2025-06-19 12:49:22.946 INFO  (coreLoadExecutor-13-thread-1) [   x:rails_core] o.a.s.s.IndexSchema Loaded schema default-config/1.6 with uniqueid field id
2025-06-19 12:49:22.972 INFO  (coreLoadExecutor-13-thread-1) [   x:rails_core] o.a.s.c.CoreContainer Creating SolrCore 'rails_core' using configuration from instancedir /var/solr/data/rails_core, trusted=true
2025-06-19 12:49:23.004 INFO  (coreLoadExecutor-13-thread-1) [   x:rails_core] o.a.s.m.r.SolrJmxReporter JMX monitoring for 'solr.core.rails_core' (registry 'solr.core.rails_core') enabled at server: com.sun.jmx.mbeanserver.JmxMBeanServer@4bdeaabb
2025-06-19 12:49:23.019 INFO  (coreLoadExecutor-13-thread-1) [   x:rails_core] o.a.s.c.SolrCore [[rails_core] ] Opening new SolrCore at [/var/solr/data/rails_core], dataDir=[/var/solr/data/rails_core/data/]
2025-06-19 12:49:23.735 INFO  (coreLoadExecutor-13-thread-1) [   x:rails_core] o.a.s.u.UpdateHandler Using UpdateLog implementation: org.apache.solr.update.UpdateLog
2025-06-19 12:49:23.736 INFO  (coreLoadExecutor-13-thread-1) [   x:rails_core] o.a.s.u.UpdateLog Initializing UpdateLog: dataDir= defaultSyncLevel=FLUSH numRecordsToKeep=100 maxNumLogsToKeep=10 numVersionBuckets=65536
2025-06-19 12:49:23.757 INFO  (coreLoadExecutor-13-thread-1) [   x:rails_core] o.a.s.u.CommitTracker Hard AutoCommit: if uncommitted for 15000ms; 
2025-06-19 12:49:23.757 INFO  (coreLoadExecutor-13-thread-1) [   x:rails_core] o.a.s.u.CommitTracker Soft AutoCommit: disabled
2025-06-19 12:49:23.949 INFO  (coreLoadExecutor-13-thread-1) [   x:rails_core] o.a.s.r.ManagedResourceStorage File-based storage initialized to use dir: /var/solr/data/rails_core/conf
2025-06-19 12:49:23.957 INFO  (coreLoadExecutor-13-thread-1) [   x:rails_core] o.a.s.h.c.SpellCheckComponent Initializing spell checkers
2025-06-19 12:49:23.961 INFO  (coreLoadExecutor-13-thread-1) [   x:rails_core] o.a.s.s.DirectSolrSpellChecker init: {name=default,field=_text_,classname=solr.DirectSolrSpellChecker,distanceMeasure=internal,accuracy=0.5,maxQueryFrequency=0.01,maxEdits=2,minPrefix=1,maxInspections=5,minQueryLength=4}
2025-06-19 12:49:23.969 INFO  (coreLoadExecutor-13-thread-1) [   x:rails_core] o.a.s.h.ReplicationHandler Commits will be reserved for 10000 ms
2025-06-19 12:49:23.987 INFO  (searcherExecutor-15-thread-1-processing-x:rails_core) [   x:rails_core] o.a.s.c.QuerySenderListener QuerySenderListener done.
2025-06-19 12:49:23.988 INFO  (searcherExecutor-15-thread-1-processing-x:rails_core) [   x:rails_core] o.a.s.h.c.SpellCheckComponent Loading spell index for spellchecker: default
2025-06-19 12:49:23.992 INFO  (searcherExecutor-15-thread-1-processing-x:rails_core) [   x:rails_core] o.a.s.c.SolrCore [rails_core]  Registered new searcher autowarm time: 0 ms
2025-06-19 12:51:30.728 INFO  (qtp305502850-25) [   ] o.a.s.s.HttpSolrCall HttpSolrCall.init(http://localhost:8984/solr/?null)
2025-06-19 12:51:31.005 INFO  (qtp305502850-18) [   ] o.a.s.s.HttpSolrCall HttpSolrCall.init(http://localhost:8984/solr/admin/info/system?_=1750337490962&wt=json)
2025-06-19 12:51:31.005 INFO  (qtp305502850-17) [   ] o.a.s.s.HttpSolrCall HttpSolrCall.init(http://localhost:8984/solr/admin/cores?_=1750337490961&indexInfo=false&wt=json)
2025-06-19 12:51:31.010 INFO  (qtp305502850-19) [   ] o.a.s.s.HttpSolrCall HttpSolrCall.init(http://localhost:8984/solr/rails_core/select?_=1750337490981&debugQuery=false&indent=true&q=body_text:SuperUniqueKeyword2025&q.op=OR)
2025-06-19 12:51:31.025 INFO  (qtp305502850-17) [   ] o.a.s.s.HttpSolrCall [admin] webapp=null path=/admin/cores params={indexInfo=false&wt=json&_=1750337490961} status=0 QTime=22
2025-06-19 12:51:31.047 INFO  (qtp305502850-18) [   ] o.a.s.s.HttpSolrCall [admin] webapp=null path=/admin/info/system params={wt=json&_=1750337490962} status=0 QTime=44
2025-06-19 12:51:31.132 INFO  (qtp305502850-19) [   x:rails_core] o.a.s.c.S.Request [rails_core]  webapp=/solr path=/select params={q=body_text:SuperUniqueKeyword2025&indent=true&q.op=OR&debugQuery=false&_=1750337490981} hits=1 status=0 QTime=122
